2023-07-04 06:50:51 3dac6dc8-7884-45a6-9aba-874996339b42 GET localhost /reset-password/5c38e296f6bea99b246ab10765013b1aaab41a8b

2023-07-16 21:51:46 ccc24788-c257-42f2-9dd0-6728bc8cb400 POST localhost /api/auth/register

2023-07-16 21:52:11 79cc74d7-437e-46b6-932b-ad5fc2092874 POST localhost /api/auth/register

2023-07-16 21:52:32 b254e3bf-1683-475a-acd2-17b75bbbf25a POST localhost /api/auth/register

2023-07-16 21:52:44 78e14143-5101-4e67-96f0-bb1e447bee32 POST localhost /api/auth/register

2023-07-16 21:53:02 4637035d-111e-4a5e-ac1a-ecd8771e4107 POST localhost /api/auth/register

2023-07-16 21:53:23 b6abcddd-f25d-4bb6-a864-c03e615c1f02 POST localhost /api/auth/register

2023-07-16 21:53:31 2d7b927d-292c-4f5b-b7af-49b38666bb0a POST localhost /api/auth/login

2023-07-16 21:56:00 c0987060-dde2-4faf-b830-745dc0f39032 POST localhost /api/auth/login

2023-07-16 21:56:55 6f9c4a4c-fe9a-400e-a089-b2acd6fbc0d3 POST localhost /api/auth/login

2023-07-16 21:57:54 bee94934-f7ad-427c-90c1-5f16c005b4da POST localhost /api/auth/login

2023-07-16 22:02:31 c255799a-ed58-4bcb-a9da-2832587d1620 POST localhost /api/auth/login

2023-07-16 22:03:23 bf5f206a-7c79-4640-a711-9984dc3040e9 POST localhost /api/auth/login

2023-07-16 22:04:45 2e7bdd40-466d-4e9b-bb7d-b51826542dda POST localhost /api/auth/login

2023-07-16 22:05:49 eef6a4e3-22be-461a-a322-c1cb74b749dd POST localhost /api/auth/login

2023-07-16 22:08:28 f1c7cf9b-0b70-4064-bebf-f55213fbe711 POST localhost /api/auth/login

2023-07-16 22:09:35 0fa6a138-8121-4d61-8f6e-1466d30e6fa7 POST localhost /api/auth/login

2023-07-16 22:10:26 c34f6dd9-3c9d-48dc-ab63-8ff23df0cac3 POST localhost /api/auth/register

2023-07-16 22:10:34 b5b92639-4e1d-45c3-85ef-ebe57cf0c1a1 POST localhost /api/auth/register

2023-07-16 22:10:43 6f58d3da-0a2a-4a70-a2ef-27f9228a63c3 POST localhost /api/auth/register

2023-07-16 22:10:57 b9e50973-46b2-438f-9ebd-ffc59803194b POST localhost /api/auth/login

2023-07-16 22:11:47 507171a2-d9e2-4864-8fc1-eed191c9c0e8 GET localhost /api/user

2023-07-16 22:12:09 6b544df8-635c-4ab2-978b-99dd73b7d3c3 GET localhost /api/user

2023-07-16 22:13:23 f0ace6bf-4818-4710-b034-671b9677ccb3 GET localhost /api/user

2023-07-16 22:14:11 1eb741d9-6f74-4302-89c5-924effae09e0 POST localhost /api/auth/login

2023-07-16 22:17:59 4e5879a5-75ea-4778-8852-4e56c88462cf GET localhost /api/user

2023-07-16 22:18:33 56ca45e6-70d9-4872-ae21-6cb4be9a06c5 POST localhost /api/auth/login

2023-07-16 22:18:44 ec7d337d-978c-42a6-b6b0-272af7a0cbf2 POST localhost /api/auth/login

2023-07-16 22:19:01 dffb103e-0d94-4e59-bf85-46ad8be92106 GET localhost /api/user

2023-07-16 22:20:32 17d005f7-fba3-4ba2-a066-b9b1139bb0d6 GET localhost /api/user

2023-07-16 22:23:26 1d1e55b0-c00d-477c-81e5-85ce52581dcf GET localhost /api/user

2023-07-16 22:24:12 8bc3139f-988b-410b-b563-2716e05fead4 GET localhost /api/user/64b377ae89fc88a65e757fb2

2023-07-16 22:24:19 c0955fb0-c880-4290-9154-e2de85b92a6e GET localhost /api/user/64b377ae89fc88a65e757fb22

2023-07-16 22:24:25 8bb38402-4096-4abd-9fcf-195844df4606 GET localhost /api/user/64b377ae89fc88a65e757fb1

2023-07-16 22:24:32 a4e7a8d6-ce8d-4137-ab7d-11ef2be8a8c2 GET localhost /api/user/64b377ae89fc88a65e757fb2

2023-07-16 22:25:09 a64799f8-3b89-476b-8e16-1095f403919d POST localhost /api/user

2023-07-16 22:25:55 b9aff76f-988f-41c9-9804-0788175973fb POST localhost /api/user

2023-07-16 22:27:00 92dd2442-bd85-4551-abe6-76aefee918c7 POST localhost /api/user

2023-07-16 22:27:40 f474d8e5-1843-4ff2-a75e-a48b443c4eb0 POST localhost /api/user

2023-07-16 22:29:22 d4ebed6d-e512-4f91-ad3e-a63edc95dd98 POST localhost /api/user

2023-07-16 22:29:42 a08c7b74-0389-43ff-83d2-d2a4fae26f4f POST localhost /api/user

2023-07-16 22:30:03 974fd6dc-d2c4-41b7-9e86-338e2719e0dc POST localhost /api/user

2023-07-16 22:31:27 92ecf717-5bcb-48a0-a059-305c47a76cd0 POST localhost /api/user

2023-07-16 22:31:52 421c489d-0ab1-4a8a-8d25-d16ab8b15b2b POST localhost /api/user

2023-07-16 22:32:39 d6bceaf7-7da8-416c-84b0-c3e1a7a1c603 POST localhost /api/user

2023-07-16 22:33:32 e42954ce-1938-4bdc-bb33-691c1bd80285 POST localhost /api/user

2023-07-16 22:33:49 8ff218b6-e545-496c-a99d-d6af69d70af2 POST localhost /api/user

2023-07-16 22:35:45 a57d8629-49c5-4577-bf60-7c0b7af6ffc9 POST localhost /api/user

2023-07-16 22:35:54 0fa7309e-b3ea-49ef-b1bf-c80672ef6114 POST localhost /api/user

2023-07-16 22:38:25 d9947a5e-9000-4b37-a6cf-22e152a9f55b POST localhost /api/user

2023-07-16 22:39:04 c71e594b-653d-4fd3-834f-993c59847851 POST localhost /api/user

2023-07-16 22:39:11 f0c324bb-4f2d-4cf7-9a44-c6d49c593537 POST localhost /api/user

2023-07-16 22:39:38 b3517014-bc63-4b37-98f8-984acd037e06 POST localhost /api/user

2023-07-16 22:40:12 27f12a4f-90ee-44b2-9345-135812df989e POST localhost /api/user

2023-07-16 22:41:17 4b254606-9f9c-4bcb-9e8c-0523ac902375 POST localhost /api/user

2023-07-16 22:41:25 6e8bd7bc-b953-4ef6-94b4-4d1dee84f95c POST localhost /api/user

2023-07-16 22:41:44 ad1fc4bb-1141-4d17-8357-b4f77cdb4eac POST localhost /api/user

2023-07-16 22:42:41 349a31ea-01bc-44d8-baaf-c68ee6747a31 PUT localhost /api/user/64b38318801b720a44cff515

2023-07-16 22:45:58 fadba1a9-de69-46cd-9eeb-a21f6b686b4e PUT localhost /api/user/64b38318801b720a44cff515

2023-07-16 22:46:33 a9617add-cb54-411d-8114-7ce7224aeaec PUT localhost /api/user/64b38318801b720a44cff515

2023-07-16 22:47:29 e2670064-f3fe-4fb9-8e8c-d5665bfbe364 PUT localhost /api/user/64b38318801b720a44cff515

2023-07-16 22:47:36 a79b36d8-0ce1-4317-9395-0f51db79a0cf PUT localhost /api/user/64b38318801b720a44cff515

2023-07-16 22:48:23 a63cf143-4767-49af-a973-6aec72dc1cb1 PUT localhost /api/user/64b38318801b720a44cff515

2023-07-16 22:51:38 b9fd1798-38ee-42b1-8f8d-771fa3e90e8e PUT localhost /api/user/64b38318801b720a44cff515

2023-07-16 22:52:23 5de5b138-e420-4396-925b-838f0ca644a8 PUT localhost /api/user/64b38318801b720a44cff515

2023-07-16 22:53:00 b740902e-32fb-4086-a052-bb58e3110b3d PUT localhost /api/user/64b38318801b720a44cff515

2023-07-16 22:56:38 338faf76-44c3-450e-9a08-84a172e28c0d PUT localhost /api/user/64b38318801b720a44cff515

2023-07-16 22:56:59 6846c925-7cfa-4c5f-aa52-e2d1a6a6b2a5 PUT localhost /api/user/64b38318801b720a44cff515

2023-07-16 22:59:14 617dd1a1-f190-4438-bca1-d30d738b65b6 PUT localhost /api/user/64b38318801b720a44cff515

2023-07-16 22:59:38 7fee4c5a-c1bb-469e-bf3d-592ca97e6e83 PUT localhost /api/user/64b38318801b720a44cff515

2023-07-16 23:00:02 1b3e146e-d045-461f-930d-bc6161726660 PUT localhost /api/user/64b38318801b720a44cff515

2023-07-16 23:06:22 cbf1c1a1-b489-45a5-9fb0-de906fd80fc1 PUT localhost /api/user/64b38318801b720a44cff515

2023-07-16 23:06:49 2b6dab4f-bf82-4084-bf5e-d1a6267bd8cd PUT localhost /api/user/64b38318801b720a44cff515

2023-07-16 23:07:26 5e65fa97-eb11-4e53-8251-407d597d2262 PUT localhost /api/user/64b38318801b720a44cff515

2023-07-16 23:07:51 8f79d491-8ba4-4514-bf2a-079fd084f0dc PUT localhost /api/user/64b38318801b720a44cff515

2023-07-16 23:08:15 eba89ea0-cbfe-4370-bc04-52ba3999f5a0 PUT localhost /api/user/64b38318801b720a44cff515

2023-07-16 23:08:53 31579316-2112-4b2d-b849-6a48a67cfe39 DELETE localhost /api/user/64b38318801b720a44cff515

2023-07-16 23:12:01 69f626bb-7d03-4073-955b-5f6239a9d613 DELETE localhost /api/user/64b38318801b720a44cff515

2023-07-16 23:33:26 16719677-f308-47f6-90a4-cff2c754ba87 DELETE localhost /api/user/64b38318801b720a44cff515

2023-07-16 23:34:45 36b0e121-e88c-407f-b821-b7428480d227 DELETE localhost /api/user/64b38318801b720a44cff515

2023-07-16 23:35:35 0d4d1148-95a1-458b-b892-d15ba4cdcb93 DELETE localhost /api/user/64b38318801b720a44cff515

2023-07-16 23:36:08 f03fff94-5673-4fa5-9a88-83436bb71fa5 DELETE localhost /api/user/64b38318801b720a44cff515

2023-07-16 23:36:12 ed60de34-1f2f-4449-b162-2a3991facbfe DELETE localhost /api/user/64b38318801b720a44cff515

2023-07-16 23:36:29 0e642ade-cdb7-400c-b1e5-00afabdfda5e DELETE localhost /api/user/64b38318801b720a44cff515

2023-07-16 23:37:29 64cb0ea7-24d2-469c-81b2-f7a0d038f794 DELETE localhost /api/user/64b38318801b720a44cff515

2023-07-16 23:37:32 e80149fe-21f1-44fa-9bf8-bf037c4e607f DELETE localhost /api/user/64b38318801b720a44cff515

